#
# A fatal error has been detected by the Java Runtime Environment:
#
#  Internal Error (safepoint.cpp:712), pid=69455, tid=0x0000000000000307
#  fatal error: Illegal threadstate encountered: 4
#
# JRE version: Java(TM) SE Runtime Environment (8.0_111-b14) (build 1.8.0_111-b14)
# Java VM: Java HotSpot(TM) 64-Bit Server VM (25.111-b14 mixed mode bsd-amd64 compressed oops)
# Failed to write core dump. Core dumps have been disabled. To enable core dumping, try "ulimit -c unlimited" before starting Java again
#
# If you would like to submit a bug report, please visit:
#   http://bugreport.java.com/bugreport/crash.jsp
# The crash happened outside the Java Virtual Machine in native code.
# See problematic frame for where to report the bug.
#

---------------  T H R E A D  ---------------

Current thread (0x00007fac0718d000):  JavaThread "AppKit Thread" daemon [_thread_in_native, id=775, stack(0x00007fff5b5f1000,0x00007fff5bdf1000)]

Stack: [0x00007fff5b5f1000,0x00007fff5bdf1000],  sp=0x00007fff5bdec1f0,  free space=8172k
Native frames: (J=compiled Java code, j=interpreted, Vv=VM code, C=native code)
V  [libjvm.dylib+0x5afbde]  VMError::report_and_die()+0x3f8
V  [libjvm.dylib+0x1e74a3]  report_vm_error(char const*, int, char const*, char const*)+0x54
V  [libjvm.dylib+0x4e05b5]  SafepointSynchronize::block(JavaThread*)+0x1a9
V  [libjvm.dylib+0x56919e]  JavaThread::check_safepoint_and_suspend_for_native_trans(JavaThread*)+0xe8
V  [libjvm.dylib+0x169b4e]  ThreadStateTransition::trans_from_native(JavaThreadState)+0x96
V  [libjvm.dylib+0x31e65c]  jni_GetArrayLength+0x30
C  [libjxbrowser-common-cdc91313-653e-494d-825a-b5163c0bc2dd.dylib+0x39bd]  +[StartIPCTask runTask:]+0x6d
C  [Foundation+0x71f2a]  __NSThreadPerformPerform+0x146
C  [CoreFoundation+0xa44c1]  __CFRUNLOOP_IS_CALLING_OUT_TO_A_SOURCE0_PERFORM_FUNCTION__+0x11
C  [CoreFoundation+0x858cc]  __CFRunLoopDoSources0+0x22c
C  [CoreFoundation+0x84db6]  __CFRunLoopRun+0x3a6
C  [CoreFoundation+0x847b4]  CFRunLoopRunSpecific+0x1a4
C  [HIToolbox+0x312ac]  RunCurrentEventLoopInMode+0xf0
C  [HIToolbox+0x310e1]  ReceiveNextEventCommon+0x1b0
C  [HIToolbox+0x30f16]  _BlockUntilNextEventMatchingListInModeWithFilter+0x47
C  [AppKit+0x476cd]  _DPSNextEvent+0x445
C  [AppKit+0x7be830]  -[NSApplication(NSEvent) _nextEventMatchingEventMask:untilDate:inMode:dequeue:]+0xaaa
C  [libosxapp.dylib+0x23aa]  -[NSApplicationAWT nextEventMatchingMask:untilDate:inMode:dequeue:]+0x7c
C  [AppKit+0x3c06d]  -[NSApplication run]+0x39e
C  [libosxapp.dylib+0x214d]  +[NSApplicationAWT runAWTLoopWithApp:]+0x9c
C  [libawt_lwawt.dylib+0x444b3]  -[AWTStarter starter:]+0x389
C  [Foundation+0x71f2a]  __NSThreadPerformPerform+0x146
C  [CoreFoundation+0xa44c1]  __CFRUNLOOP_IS_CALLING_OUT_TO_A_SOURCE0_PERFORM_FUNCTION__+0x11
C  [CoreFoundation+0x858cc]  __CFRunLoopDoSources0+0x22c
C  [CoreFoundation+0x84db6]  __CFRunLoopRun+0x3a6
C  [CoreFoundation+0x847b4]  CFRunLoopRunSpecific+0x1a4
C  [java+0x6465]  CreateExecutionEnvironment+0x367
C  [java+0x218c]  JLI_Launch+0x7a0
C  [java+0x84c2]  main+0x65
C  [java+0x19e4]  start+0x34
C  0x0000000000000005


---------------  P R O C E S S  ---------------

Java Threads: ( => current thread )
  0x00007fac079a6000 JavaThread "IPC Process Thread" daemon [_thread_in_native_trans, id=82451, stack(0x000070000ee65000,0x000070000ef65000)]
  0x00007fac0c9b7000 JavaThread "IPC Server Thread" daemon [_thread_in_native, id=82199, stack(0x000070000ed62000,0x000070000ee62000)]
  0x00007fac068c1800 JavaThread "Timer-0" daemon [_thread_blocked, id=79927, stack(0x000070000ec5f000,0x000070000ed5f000)]
  0x00007fac0718a000 JavaThread "DestroyJavaVM" [_thread_blocked, id=7427, stack(0x000070000d8a0000,0x000070000d9a0000)]
  0x00007fac07396800 JavaThread "AWT-EventQueue-0" [_thread_blocked, id=66059, stack(0x000070000eb5c000,0x000070000ec5c000)]
  0x00007fac0735b000 JavaThread "Java2D Disposer" daemon [_thread_blocked, id=61199, stack(0x000070000e9d6000,0x000070000ead6000)]
  0x00007fac072e0800 JavaThread "Java2D Queue Flusher" daemon [_thread_blocked, id=57095, stack(0x000070000e8d3000,0x000070000e9d3000)]
  0x00007fac06912000 JavaThread "AWT-Shutdown" [_thread_blocked, id=30495, stack(0x000070000e6ca000,0x000070000e7ca000)]
=>0x00007fac0718d000 JavaThread "AppKit Thread" daemon [_thread_in_native, id=775, stack(0x00007fff5b5f1000,0x00007fff5bdf1000)]
  0x00007fac07002800 JavaThread "Service Thread" daemon [_thread_blocked, id=19203, stack(0x000070000e4c4000,0x000070000e5c4000)]
  0x00007fac0683e000 JavaThread "C1 CompilerThread2" daemon [_thread_blocked, id=18691, stack(0x000070000e3c1000,0x000070000e4c1000)]
  0x00007fac0683d000 JavaThread "C2 CompilerThread1" daemon [_thread_blocked, id=18179, stack(0x000070000e2be000,0x000070000e3be000)]
  0x00007fac0704f000 JavaThread "C2 CompilerThread0" daemon [_thread_blocked, id=17667, stack(0x000070000e1bb000,0x000070000e2bb000)]
  0x00007fac06847000 JavaThread "Signal Dispatcher" daemon [_thread_blocked, id=17155, stack(0x000070000e0b8000,0x000070000e1b8000)]
  0x00007fac07041000 JavaThread "Finalizer" daemon [_thread_blocked, id=12803, stack(0x000070000dfb5000,0x000070000e0b5000)]
  0x00007fac0681c000 JavaThread "Reference Handler" daemon [_thread_blocked, id=12291, stack(0x000070000deb2000,0x000070000dfb2000)]

Other Threads:
  0x00007fac0681b000 VMThread [stack: 0x000070000ddaf000,0x000070000deaf000] [id=11779]
  0x00007fac0704e000 WatcherThread [stack: 0x000070000e5c7000,0x000070000e6c7000] [id=19715]

VM state:synchronizing (normal execution)

VM Mutex/Monitor currently owned by a thread:  ([mutex/lock_event])
[0x00007fac06506b40] Safepoint_lock - owner thread: 0x00007fac0681b000
[0x00007fac06506bc0] Threads_lock - owner thread: 0x00007fac0681b000

Heap:
 PSYoungGen      total 18944K, used 3378K [0x00000007aab00000, 0x00000007ac000000, 0x00000007c0000000)
  eden space 16384K, 5% used [0x00000007aab00000,0x00000007aabcd830,0x00000007abb00000)
  from space 2560K, 99% used [0x00000007abb00000,0x00000007abd7f3b0,0x00000007abd80000)
  to   space 2560K, 0% used [0x00000007abd80000,0x00000007abd80000,0x00000007ac000000)
 ParOldGen       total 44032K, used 1738K [0x0000000780000000, 0x0000000782b00000, 0x00000007aab00000)
  object space 44032K, 3% used [0x0000000780000000,0x00000007801b2800,0x0000000782b00000)
 Metaspace       used 12946K, capacity 13088K, committed 13312K, reserved 1060864K
  class space    used 1673K, capacity 1730K, committed 1792K, reserved 1048576K

Card table byte_map: [0x0000000105b61000,0x0000000105d62000] byte_map_base: 0x0000000101f61000

Marking Bits: (ParMarkBitMap*) 0x00000001050efd20
 Begin Bits: [0x0000000105eb8000, 0x0000000106eb8000)
 End Bits:   [0x0000000106eb8000, 0x0000000107eb8000)

Polling page: 0x0000000103ecf000

CodeCache: size=245760Kb used=2923Kb max_used=2923Kb free=242836Kb
 bounds [0x000000010c3c4000, 0x000000010c6a4000, 0x000000011b3c4000]
 total_blobs=1267 nmethods=749 adapters=432
 compilation: enabled

Compilation events (10 events):
Event: 16.296 Thread 0x00007fac0683e000 nmethod 744 0x000000010c690f90 code [0x000000010c691120, 0x000000010c691638]
Event: 16.407 Thread 0x00007fac0683e000  746   !   3       java.lang.ref.Reference::tryHandlePending (115 bytes)
Event: 16.409 Thread 0x00007fac0683e000 nmethod 746 0x000000010c69c750 code [0x000000010c69c980, 0x000000010c69d648]
Event: 16.409 Thread 0x00007fac0683e000  747   !   3       java.lang.ref.ReferenceQueue::enqueue (119 bytes)
Event: 16.410 Thread 0x00007fac0683e000 nmethod 747 0x000000010c69bb90 code [0x000000010c69bd40, 0x000000010c69c4c8]
Event: 16.410 Thread 0x00007fac0683e000  748       3       sun.misc.VM::addFinalRefCount (24 bytes)
Event: 16.411 Thread 0x00007fac0683e000 nmethod 748 0x000000010c69edd0 code [0x000000010c69ef40, 0x000000010c69f0f0]
Event: 16.411 Thread 0x00007fac0683e000  749   !   3       java.util.zip.ZipFile$ZipFileInflaterInputStream::close (67 bytes)
Event: 16.412 Thread 0x00007fac0683e000 nmethod 749 0x000000010c69f150 code [0x000000010c69f320, 0x000000010c69fb58]
Event: 16.412 Thread 0x00007fac0683e000  758   !   3       java.lang.ref.Finalizer::runFinalizer (62 bytes)

GC Heap History (2 events):
Event: 16.395 GC heap before
{Heap before GC invocations=1 (full 0):
 PSYoungGen      total 18944K, used 16384K [0x00000007aab00000, 0x00000007ac000000, 0x00000007c0000000)
  eden space 16384K, 100% used [0x00000007aab00000,0x00000007abb00000,0x00000007abb00000)
  from space 2560K, 0% used [0x00000007abd80000,0x00000007abd80000,0x00000007ac000000)
  to   space 2560K, 0% used [0x00000007abb00000,0x00000007abb00000,0x00000007abd80000)
 ParOldGen       total 44032K, used 0K [0x0000000780000000, 0x0000000782b00000, 0x00000007aab00000)
  object space 44032K, 0% used [0x0000000780000000,0x0000000780000000,0x0000000782b00000)
 Metaspace       used 12914K, capacity 13088K, committed 13312K, reserved 1060864K
  class space    used 1664K, capacity 1730K, committed 1792K, reserved 1048576K
Event: 16.405 GC heap after
Heap after GC invocations=1 (full 0):
 PSYoungGen      total 18944K, used 2556K [0x00000007aab00000, 0x00000007ac000000, 0x00000007c0000000)
  eden space 16384K, 0% used [0x00000007aab00000,0x00000007aab00000,0x00000007abb00000)
  from space 2560K, 99% used [0x00000007abb00000,0x00000007abd7f3b0,0x00000007abd80000)
  to   space 2560K, 0% used [0x00000007abd80000,0x00000007abd80000,0x00000007ac000000)
 ParOldGen       total 44032K, used 1738K [0x0000000780000000, 0x0000000782b00000, 0x00000007aab00000)
  object space 44032K, 3% used [0x0000000780000000,0x00000007801b2800,0x0000000782b00000)
 Metaspace       used 12914K, capacity 13088K, committed 13312K, reserved 1060864K
  class space    used 1664K, capacity 1730K, committed 1792K, reserved 1048576K
}

Deoptimization events (4 events):
Event: 15.947 Thread 0x00007fac07396800 Uncommon trap: reason=unstable_if action=reinterpret pc=0x000000010c5eaca0 method=java.lang.String.<init>([CII)V @ 18
Event: 15.955 Thread 0x00007fac07396800 Uncommon trap: reason=unstable_if action=reinterpret pc=0x000000010c576a40 method=java.lang.String.indexOf([CII[CIII)I @ 3
Event: 16.002 Thread 0x00007fac07396800 Uncommon trap: reason=unstable_if action=reinterpret pc=0x000000010c5a155c method=java.lang.String.replace(CC)Ljava/lang/String; @ 26
Event: 16.147 Thread 0x00007fac07396800 Uncommon trap: reason=unstable_if action=reinterpret pc=0x000000010c5f98a0 method=java.lang.String.indexOf([CII[CIII)I @ 3

Internal exceptions (10 events):
Event: 0.924 Thread 0x00007fac07800800 Exception <a 'java/security/PrivilegedActionException'> (0x00000007aac1e548) thrown at [/Users/java_re/workspace/8-2-build-macosx-x86_64/jdk8u111/7883/hotspot/src/share/vm/prims/jvm.cpp, line 1386]
Event: 0.924 Thread 0x00007fac07800800 Exception <a 'java/security/PrivilegedActionException'> (0x00000007aac1e758) thrown at [/Users/java_re/workspace/8-2-build-macosx-x86_64/jdk8u111/7883/hotspot/src/share/vm/prims/jvm.cpp, line 1386]
Event: 0.924 Thread 0x00007fac07800800 Exception <a 'java/security/PrivilegedActionException'> (0x00000007aac21a60) thrown at [/Users/java_re/workspace/8-2-build-macosx-x86_64/jdk8u111/7883/hotspot/src/share/vm/prims/jvm.cpp, line 1386]
Event: 0.925 Thread 0x00007fac07800800 Exception <a 'java/security/PrivilegedActionException'> (0x00000007aac21c70) thrown at [/Users/java_re/workspace/8-2-build-macosx-x86_64/jdk8u111/7883/hotspot/src/share/vm/prims/jvm.cpp, line 1386]
Event: 1.058 Thread 0x00007fac07800800 Exception <a 'java/lang/NoSuchFieldError': method resolution failed> (0x00000007aacef398) thrown at [/Users/java_re/workspace/8-2-build-macosx-x86_64/jdk8u111/7883/hotspot/src/share/vm/prims/methodHandles.cpp, line 1146]
Event: 1.061 Thread 0x00007fac07800800 Exception <a 'java/lang/NoSuchFieldError': method resolution failed> (0x00000007aacfcb68) thrown at [/Users/java_re/workspace/8-2-build-macosx-x86_64/jdk8u111/7883/hotspot/src/share/vm/prims/methodHandles.cpp, line 1146]
Event: 2.657 Thread 0x00007fac07800800 Exception <a 'java/io/FileNotFoundException'> (0x00000007aad773e8) thrown at [/Users/java_re/workspace/8-2-build-macosx-x86_64/jdk8u111/7883/hotspot/src/share/vm/prims/jni.cpp, line 709]
Event: 2.657 Thread 0x00007fac07800800 Exception <a 'java/io/FileNotFoundException'> (0x00000007aad77f78) thrown at [/Users/java_re/workspace/8-2-build-macosx-x86_64/jdk8u111/7883/hotspot/src/share/vm/prims/jni.cpp, line 709]
Event: 16.409 Thread 0x00007fac07041000 Exception <a 'java/lang/NullPointerException'> (0x00000007aab7b9d8) thrown at [/Users/java_re/workspace/8-2-build-macosx-x86_64/jdk8u111/7883/hotspot/src/share/vm/interpreter/linkResolver.cpp, line 1178]
Event: 16.413 Thread 0x00007fac07041000 Exception <a 'java/lang/NullPointerException'> (0x00000007aab7bc00) thrown at [/Users/java_re/workspace/8-2-build-macosx-x86_64/jdk8u111/7883/hotspot/src/share/vm/interpreter/linkResolver.cpp, line 1178]

Events (10 events):
Event: 16.412 Executing VM operation: RevokeBias done
Event: 16.412 Executing VM operation: RevokeBias
Event: 16.412 Executing VM operation: RevokeBias done
Event: 16.413 Executing VM operation: RevokeBias
Event: 16.413 Executing VM operation: RevokeBias done
Event: 16.413 Executing VM operation: RevokeBias
Event: 16.413 Executing VM operation: RevokeBias done
Event: 16.413 Executing VM operation: RevokeBias
Event: 16.413 Executing VM operation: RevokeBias done
Event: 16.413 Executing VM operation: RevokeBias


Dynamic libraries:
0x000000002dc90000 	/System/Library/Frameworks/Cocoa.framework/Versions/A/Cocoa
0x000000002dc90000 	/System/Library/Frameworks/Security.framework/Versions/A/Security
0x000000002dc90000 	/System/Library/Frameworks/ApplicationServices.framework/Versions/A/ApplicationServices
0x000000002dc90000 	/usr/lib/libz.1.dylib
0x000000002dc90000 	/usr/lib/libSystem.B.dylib
0x000000002dc90000 	/usr/lib/libobjc.A.dylib
0x000000002dc90000 	/System/Library/Frameworks/CoreFoundation.framework/Versions/A/CoreFoundation
0x000000002dc90000 	/System/Library/Frameworks/Foundation.framework/Versions/C/Foundation
0x000000002dc90000 	/System/Library/Frameworks/AppKit.framework/Versions/C/AppKit
0x000000002dc90000 	/System/Library/Frameworks/CoreData.framework/Versions/A/CoreData
0x000000002dc90000 	/System/Library/PrivateFrameworks/RemoteViewServices.framework/Versions/A/RemoteViewServices
0x000000002dc90000 	/System/Library/PrivateFrameworks/UIFoundation.framework/Versions/A/UIFoundation
0x000000002dc90000 	/System/Library/PrivateFrameworks/DFRFoundation.framework/Versions/A/DFRFoundation
0x000000002dc90000 	/usr/lib/libenergytrace.dylib
0x000000002dc90000 	/System/Library/PrivateFrameworks/SkyLight.framework/Versions/A/SkyLight
0x000000002dc90000 	/System/Library/Frameworks/CoreGraphics.framework/Versions/A/CoreGraphics
0x000000002dc90000 	/usr/lib/libScreenReader.dylib
0x000000002dc90000 	/System/Library/Frameworks/Accelerate.framework/Versions/A/Accelerate
0x000000002dc90000 	/System/Library/Frameworks/IOSurface.framework/Versions/A/IOSurface
0x000000002dc90000 	/System/Library/Frameworks/AudioToolbox.framework/Versions/A/AudioToolbox
0x000000002dc90000 	/System/Library/Frameworks/AudioUnit.framework/Versions/A/AudioUnit
0x000000002dc90000 	/System/Library/PrivateFrameworks/DataDetectorsCore.framework/Versions/A/DataDetectorsCore
0x000000002dc90000 	/System/Library/PrivateFrameworks/DesktopServicesPriv.framework/Versions/A/DesktopServicesPriv
0x000000002dc90000 	/System/Library/Frameworks/Carbon.framework/Versions/A/Frameworks/HIToolbox.framework/Versions/A/HIToolbox
0x000000002dc90000 	/usr/lib/libicucore.A.dylib
0x000000002dc90000 	/System/Library/Frameworks/QuartzCore.framework/Versions/A/QuartzCore
0x000000002dc90000 	/System/Library/Frameworks/Carbon.framework/Versions/A/Frameworks/SpeechRecognition.framework/Versions/A/SpeechRecognition
0x000000002dc90000 	/usr/lib/libauto.dylib
0x000000002dc90000 	/usr/lib/libxml2.2.dylib
0x000000002dc90000 	/System/Library/PrivateFrameworks/CoreUI.framework/Versions/A/CoreUI
0x000000002dc90000 	/System/Library/Frameworks/CoreAudio.framework/Versions/A/CoreAudio
0x000000002dc90000 	/System/Library/Frameworks/DiskArbitration.framework/Versions/A/DiskArbitration
0x000000002dc90000 	/usr/lib/liblangid.dylib
0x000000002dc90000 	/System/Library/PrivateFrameworks/MultitouchSupport.framework/Versions/A/MultitouchSupport
0x000000002dc90000 	/System/Library/Frameworks/IOKit.framework/Versions/A/IOKit
0x000000002dc90000 	/usr/lib/libDiagnosticMessagesClient.dylib
0x000000002dc90000 	/System/Library/Frameworks/CoreServices.framework/Versions/A/CoreServices
0x000000002dc90000 	/System/Library/PrivateFrameworks/PerformanceAnalysis.framework/Versions/A/PerformanceAnalysis
0x000000002dc90000 	/System/Library/PrivateFrameworks/GenerationalStorage.framework/Versions/A/GenerationalStorage
0x000000002dc90000 	/System/Library/Frameworks/OpenGL.framework/Versions/A/OpenGL
0x000000002dc90000 	/System/Library/Frameworks/CoreImage.framework/Versions/A/CoreImage
0x000000002dc90000 	/System/Library/Frameworks/CoreText.framework/Versions/A/CoreText
0x000000002dc90000 	/System/Library/Frameworks/ImageIO.framework/Versions/A/ImageIO
0x000000002dc90000 	/System/Library/PrivateFrameworks/Backup.framework/Versions/A/Backup
0x000000002dc90000 	/usr/lib/libarchive.2.dylib
0x000000002dc90000 	/System/Library/Frameworks/CFNetwork.framework/Versions/A/CFNetwork
0x000000002dc90000 	/System/Library/Frameworks/SystemConfiguration.framework/Versions/A/SystemConfiguration
0x000000002dc90000 	/usr/lib/libCRFSuite.dylib
0x000000002dc90000 	/usr/lib/libc++.1.dylib
0x000000002dc90000 	/usr/lib/libc++abi.dylib
0x000000002dc90000 	/usr/lib/system/libcache.dylib
0x000000002dc90000 	/usr/lib/system/libcommonCrypto.dylib
0x000000002dc90000 	/usr/lib/system/libcompiler_rt.dylib
0x000000002dc90000 	/usr/lib/system/libcopyfile.dylib
0x000000002dc90000 	/usr/lib/system/libcorecrypto.dylib
0x000000002dc90000 	/usr/lib/system/libdispatch.dylib
0x000000002dc90000 	/usr/lib/system/libdyld.dylib
0x000000002dc90000 	/usr/lib/system/libkeymgr.dylib
0x000000002dc90000 	/usr/lib/system/liblaunch.dylib
0x000000002dc90000 	/usr/lib/system/libmacho.dylib
0x000000002dc90000 	/usr/lib/system/libquarantine.dylib
0x000000002dc90000 	/usr/lib/system/libremovefile.dylib
0x000000002dc90000 	/usr/lib/system/libsystem_asl.dylib
0x000000002dc90000 	/usr/lib/system/libsystem_blocks.dylib
0x000000002dc90000 	/usr/lib/system/libsystem_c.dylib
0x000000002dc90000 	/usr/lib/system/libsystem_configuration.dylib
0x000000002dc90000 	/usr/lib/system/libsystem_coreservices.dylib
0x000000002dc90000 	/usr/lib/system/libsystem_coretls.dylib
0x000000002dc90000 	/usr/lib/system/libsystem_dnssd.dylib
0x000000002dc90000 	/usr/lib/system/libsystem_info.dylib
0x000000002dc90000 	/usr/lib/system/libsystem_kernel.dylib
0x000000002dc90000 	/usr/lib/system/libsystem_m.dylib
0x000000002dc90000 	/usr/lib/system/libsystem_malloc.dylib
0x000000002dc90000 	/usr/lib/system/libsystem_network.dylib
0x000000002dc90000 	/usr/lib/system/libsystem_networkextension.dylib
0x000000002dc90000 	/usr/lib/system/libsystem_notify.dylib
0x000000002dc90000 	/usr/lib/system/libsystem_platform.dylib
0x000000002dc90000 	/usr/lib/system/libsystem_pthread.dylib
0x000000002dc90000 	/usr/lib/system/libsystem_sandbox.dylib
0x000000002dc90000 	/usr/lib/system/libsystem_secinit.dylib
0x000000002dc90000 	/usr/lib/system/libsystem_symptoms.dylib
0x000000002dc90000 	/usr/lib/system/libsystem_trace.dylib
0x000000002dc90000 	/usr/lib/system/libunwind.dylib
0x000000002dc90000 	/usr/lib/system/libxpc.dylib
0x000000002dc90000 	/usr/lib/libbsm.0.dylib
0x000000002dc90000 	/usr/lib/system/libkxld.dylib
0x000000002dc90000 	/usr/lib/libcoretls.dylib
0x000000002dc90000 	/usr/lib/libcoretls_cfhelpers.dylib
0x000000002dc90000 	/usr/lib/libxar.1.dylib
0x000000002dc90000 	/usr/lib/libsqlite3.dylib
0x000000002dc90000 	/usr/lib/libpam.2.dylib
0x000000002dc90000 	/usr/lib/libOpenScriptingUtil.dylib
0x000000002dc90000 	/usr/lib/libbz2.1.0.dylib
0x000000002dc90000 	/usr/lib/liblzma.5.dylib
0x000000002dc90000 	/usr/lib/libnetwork.dylib
0x000000002dc90000 	/usr/lib/libpcap.A.dylib
0x000000002dc90000 	/System/Library/Frameworks/CoreServices.framework/Versions/A/Frameworks/FSEvents.framework/Versions/A/FSEvents
0x000000002dc90000 	/System/Library/Frameworks/CoreServices.framework/Versions/A/Frameworks/CarbonCore.framework/Versions/A/CarbonCore
0x000000002dc90000 	/System/Library/Frameworks/CoreServices.framework/Versions/A/Frameworks/Metadata.framework/Versions/A/Metadata
0x000000002dc90000 	/System/Library/Frameworks/CoreServices.framework/Versions/A/Frameworks/OSServices.framework/Versions/A/OSServices
0x000000002dc90000 	/System/Library/Frameworks/CoreServices.framework/Versions/A/Frameworks/SearchKit.framework/Versions/A/SearchKit
0x000000002dc90000 	/System/Library/Frameworks/CoreServices.framework/Versions/A/Frameworks/AE.framework/Versions/A/AE
0x000000002dc90000 	/System/Library/Frameworks/CoreServices.framework/Versions/A/Frameworks/LaunchServices.framework/Versions/A/LaunchServices
0x000000002dc90000 	/System/Library/Frameworks/CoreServices.framework/Versions/A/Frameworks/DictionaryServices.framework/Versions/A/DictionaryServices
0x000000002dc90000 	/System/Library/Frameworks/CoreServices.framework/Versions/A/Frameworks/SharedFileList.framework/Versions/A/SharedFileList
0x000000002dc90000 	/System/Library/Frameworks/NetFS.framework/Versions/A/NetFS
0x000000002dc90000 	/System/Library/PrivateFrameworks/NetAuth.framework/Versions/A/NetAuth
0x000000002dc90000 	/System/Library/PrivateFrameworks/login.framework/Versions/A/Frameworks/loginsupport.framework/Versions/A/loginsupport
0x000000002dc90000 	/System/Library/PrivateFrameworks/TCC.framework/Versions/A/TCC
0x000000002dc90000 	/usr/lib/libmecabra.dylib
0x000000002dc90000 	/System/Library/Frameworks/ApplicationServices.framework/Versions/A/Frameworks/ATS.framework/Versions/A/ATS
0x000000002dc90000 	/System/Library/Frameworks/ApplicationServices.framework/Versions/A/Frameworks/ColorSync.framework/Versions/A/ColorSync
0x000000002dc90000 	/System/Library/Frameworks/ApplicationServices.framework/Versions/A/Frameworks/HIServices.framework/Versions/A/HIServices
0x000000002dc90000 	/System/Library/Frameworks/ApplicationServices.framework/Versions/A/Frameworks/LangAnalysis.framework/Versions/A/LangAnalysis
0x000000002dc90000 	/System/Library/Frameworks/ApplicationServices.framework/Versions/A/Frameworks/PrintCore.framework/Versions/A/PrintCore
0x000000002dc90000 	/System/Library/Frameworks/ApplicationServices.framework/Versions/A/Frameworks/QD.framework/Versions/A/QD
0x000000002dc90000 	/System/Library/Frameworks/ApplicationServices.framework/Versions/A/Frameworks/SpeechSynthesis.framework/Versions/A/SpeechSynthesis
0x000000002dc90000 	/System/Library/Frameworks/Accelerate.framework/Versions/A/Frameworks/vImage.framework/Versions/A/vImage
0x000000002dc90000 	/System/Library/Frameworks/Accelerate.framework/Versions/A/Frameworks/vecLib.framework/Versions/A/vecLib
0x000000002dc90000 	/System/Library/Frameworks/Accelerate.framework/Versions/A/Frameworks/vecLib.framework/Versions/A/libvDSP.dylib
0x000000002dc90000 	/System/Library/Frameworks/Accelerate.framework/Versions/A/Frameworks/vecLib.framework/Versions/A/libBNNS.dylib
0x000000002dc90000 	/System/Library/Frameworks/Accelerate.framework/Versions/A/Frameworks/vecLib.framework/Versions/A/libQuadrature.dylib
0x000000002dc90000 	/System/Library/Frameworks/Accelerate.framework/Versions/A/Frameworks/vecLib.framework/Versions/A/libvMisc.dylib
0x000000002dc90000 	/System/Library/Frameworks/Accelerate.framework/Versions/A/Frameworks/vecLib.framework/Versions/A/libLAPACK.dylib
0x000000002dc90000 	/System/Library/Frameworks/Accelerate.framework/Versions/A/Frameworks/vecLib.framework/Versions/A/libBLAS.dylib
0x000000002dc90000 	/System/Library/Frameworks/Accelerate.framework/Versions/A/Frameworks/vecLib.framework/Versions/A/libLinearAlgebra.dylib
0x000000002dc90000 	/System/Library/Frameworks/Accelerate.framework/Versions/A/Frameworks/vecLib.framework/Versions/A/libSparseBLAS.dylib
0x000000002dc90000 	/System/Library/Frameworks/ApplicationServices.framework/Versions/A/Frameworks/ATS.framework/Versions/A/Resources/libFontParser.dylib
0x000000002dc90000 	/System/Library/Frameworks/ApplicationServices.framework/Versions/A/Frameworks/ATS.framework/Versions/A/Resources/libFontRegistry.dylib
0x000000002dc90000 	/System/Library/Frameworks/ImageIO.framework/Versions/A/Resources/libJPEG.dylib
0x000000002dc90000 	/System/Library/Frameworks/ImageIO.framework/Versions/A/Resources/libTIFF.dylib
0x000000002dc90000 	/System/Library/Frameworks/ImageIO.framework/Versions/A/Resources/libPng.dylib
0x000000002dc90000 	/System/Library/Frameworks/ImageIO.framework/Versions/A/Resources/libGIF.dylib
0x000000002dc90000 	/System/Library/Frameworks/ImageIO.framework/Versions/A/Resources/libJP2.dylib
0x000000002dc90000 	/System/Library/Frameworks/ImageIO.framework/Versions/A/Resources/libRadiance.dylib
0x000000002dc90000 	/usr/lib/libcompression.dylib
0x000000002dc90000 	/System/Library/PrivateFrameworks/AppleJPEG.framework/Versions/A/AppleJPEG
0x000000002dc90000 	/usr/lib/libcups.2.dylib
0x000000002dc90000 	/System/Library/Frameworks/Kerberos.framework/Versions/A/Kerberos
0x000000002dc90000 	/System/Library/Frameworks/GSS.framework/Versions/A/GSS
0x000000002dc90000 	/usr/lib/libresolv.9.dylib
0x000000002dc90000 	/usr/lib/libiconv.2.dylib
0x000000002dc90000 	/System/Library/PrivateFrameworks/Heimdal.framework/Versions/A/Heimdal
0x000000002dc90000 	/usr/lib/libheimdal-asn1.dylib
0x000000002dc90000 	/System/Library/Frameworks/OpenDirectory.framework/Versions/A/OpenDirectory
0x000000002dc90000 	/System/Library/PrivateFrameworks/CommonAuth.framework/Versions/A/CommonAuth
0x000000002dc90000 	/System/Library/Frameworks/OpenDirectory.framework/Versions/A/Frameworks/CFOpenDirectory.framework/Versions/A/CFOpenDirectory
0x000000002dc90000 	/System/Library/Frameworks/SecurityFoundation.framework/Versions/A/SecurityFoundation
0x000000002dc90000 	/System/Library/PrivateFrameworks/LanguageModeling.framework/Versions/A/LanguageModeling
0x000000002dc90000 	/usr/lib/libmarisa.dylib
0x000000002dc90000 	/usr/lib/libChineseTokenizer.dylib
0x000000002dc90000 	/usr/lib/libcmph.dylib
0x000000002dc90000 	/System/Library/PrivateFrameworks/CoreEmoji.framework/Versions/A/CoreEmoji
0x000000002dc90000 	/System/Library/Frameworks/ServiceManagement.framework/Versions/A/ServiceManagement
0x000000002dc90000 	/usr/lib/libxslt.1.dylib
0x000000002dc90000 	/System/Library/Frameworks/Carbon.framework/Versions/A/Frameworks/Ink.framework/Versions/A/Ink
0x000000002dc90000 	/System/Library/PrivateFrameworks/TextureIO.framework/Versions/A/TextureIO
0x000000002dc90000 	/System/Library/Frameworks/Metal.framework/Versions/A/Metal
0x000000002dc90000 	/usr/lib/libate.dylib
0x000000002dc90000 	/System/Library/PrivateFrameworks/GPUCompiler.framework/libmetal_timestamp.dylib
0x000000002dc90000 	/System/Library/Frameworks/OpenGL.framework/Versions/A/Libraries/libCoreFSCache.dylib
0x000000002dc90000 	/System/Library/PrivateFrameworks/IOAccelerator.framework/Versions/A/IOAccelerator
0x000000002dc90000 	/System/Library/Frameworks/CoreVideo.framework/Versions/A/CoreVideo
0x000000002dc90000 	/usr/lib/libFosl_dynamic.dylib
0x000000002dc90000 	/System/Library/PrivateFrameworks/MetalPerformanceShaders.framework/Versions/A/MetalPerformanceShaders
0x000000002dc90000 	/System/Library/PrivateFrameworks/FaceCore.framework/Versions/A/FaceCore
0x000000002dc90000 	/System/Library/Frameworks/OpenCL.framework/Versions/A/OpenCL
0x000000002dc90000 	/System/Library/Frameworks/OpenGL.framework/Versions/A/Libraries/libGLU.dylib
0x000000002dc90000 	/System/Library/Frameworks/OpenGL.framework/Versions/A/Libraries/libGFXShared.dylib
0x000000002dc90000 	/System/Library/Frameworks/OpenGL.framework/Versions/A/Libraries/libGL.dylib
0x000000002dc90000 	/System/Library/Frameworks/OpenGL.framework/Versions/A/Libraries/libGLImage.dylib
0x000000002dc90000 	/System/Library/Frameworks/OpenGL.framework/Versions/A/Libraries/libCVMSPluginSupport.dylib
0x000000002dc90000 	/System/Library/Frameworks/OpenGL.framework/Versions/A/Libraries/libCoreVMClient.dylib
0x000000002dc90000 	/System/Library/PrivateFrameworks/CrashReporterSupport.framework/Versions/A/CrashReporterSupport
0x000000002dc90000 	/System/Library/PrivateFrameworks/Sharing.framework/Versions/A/Sharing
0x000000002dc90000 	/System/Library/PrivateFrameworks/IconServices.framework/Versions/A/IconServices
0x000000002dc90000 	/System/Library/PrivateFrameworks/ProtocolBuffer.framework/Versions/A/ProtocolBuffer
0x000000002dc90000 	/System/Library/PrivateFrameworks/Apple80211.framework/Versions/A/Apple80211
0x000000002dc90000 	/System/Library/Frameworks/CoreWLAN.framework/Versions/A/CoreWLAN
0x000000002dc90000 	/System/Library/PrivateFrameworks/CoreUtils.framework/Versions/A/CoreUtils
0x000000002dc90000 	/System/Library/Frameworks/IOBluetooth.framework/Versions/A/IOBluetooth
0x000000002dc90000 	/System/Library/PrivateFrameworks/CoreWiFi.framework/Versions/A/CoreWiFi
0x000000002dc90000 	/System/Library/Frameworks/CoreBluetooth.framework/Versions/A/CoreBluetooth
0x000000002dc90000 	/System/Library/Frameworks/CoreDisplay.framework/Versions/A/CoreDisplay
0x000000002dc90000 	/System/Library/PrivateFrameworks/IOPresentment.framework/Versions/A/IOPresentment
0x000000002dc90000 	/System/Library/PrivateFrameworks/DebugSymbols.framework/Versions/A/DebugSymbols
0x000000002dc90000 	/System/Library/PrivateFrameworks/CoreSymbolication.framework/Versions/A/CoreSymbolication
0x000000002dc90000 	/System/Library/PrivateFrameworks/Symbolication.framework/Versions/A/Symbolication
0x000000002dc90000 	/System/Library/PrivateFrameworks/AppleFSCompression.framework/Versions/A/AppleFSCompression
0x000000002dc90000 	/System/Library/PrivateFrameworks/SpeechRecognitionCore.framework/Versions/A/SpeechRecognitionCore
0x000000002dc90000 	/System/Library/PrivateFrameworks/ChunkingLibrary.framework/Versions/A/ChunkingLibrary
0x0000000104800000 	/Library/Java/JavaVirtualMachines/jdk1.8.0_111.jdk/Contents/Home/jre/lib/server/libjvm.dylib
0x000000002dc90000 	/usr/lib/libstdc++.6.dylib
0x0000000103e8c000 	/Library/Java/JavaVirtualMachines/jdk1.8.0_111.jdk/Contents/Home/jre/lib/libverify.dylib
0x0000000103e9a000 	/Library/Java/JavaVirtualMachines/jdk1.8.0_111.jdk/Contents/Home/jre/lib/libjava.dylib
0x0000000103ed9000 	/Library/Java/JavaVirtualMachines/jdk1.8.0_111.jdk/Contents/Home/jre/lib/libzip.dylib
0x0000000109a8e000 	/System/Library/Frameworks/JavaVM.framework/Frameworks/JavaRuntimeSupport.framework/JavaRuntimeSupport
0x0000000109aa8000 	/System/Library/Frameworks/JavaVM.framework/Versions/A/Frameworks/JavaNativeFoundation.framework/Versions/A/JavaNativeFoundation
0x0000000103ff0000 	/System/Library/Frameworks/JavaVM.framework/Versions/A/JavaVM
0x000000002dc90000 	/System/Library/Frameworks/Carbon.framework/Versions/A/Carbon
0x0000000109abd000 	/System/Library/PrivateFrameworks/JavaLaunching.framework/Versions/A/JavaLaunching
0x000000002dc90000 	/System/Library/Frameworks/Carbon.framework/Versions/A/Frameworks/CommonPanels.framework/Versions/A/CommonPanels
0x000000002dc90000 	/System/Library/Frameworks/Carbon.framework/Versions/A/Frameworks/Help.framework/Versions/A/Help
0x000000002dc90000 	/System/Library/Frameworks/Carbon.framework/Versions/A/Frameworks/ImageCapture.framework/Versions/A/ImageCapture
0x000000002dc90000 	/System/Library/Frameworks/Carbon.framework/Versions/A/Frameworks/OpenScripting.framework/Versions/A/OpenScripting
0x000000002dc90000 	/System/Library/Frameworks/Carbon.framework/Versions/A/Frameworks/Print.framework/Versions/A/Print
0x000000002dc90000 	/System/Library/Frameworks/Carbon.framework/Versions/A/Frameworks/SecurityHI.framework/Versions/A/SecurityHI
0x000000010b3ec000 	/Library/Java/JavaVirtualMachines/jdk1.8.0_111.jdk/Contents/Home/jre/lib/libawt.dylib
0x000000010b494000 	/Library/Java/JavaVirtualMachines/jdk1.8.0_111.jdk/Contents/Home/jre/lib/./libmlib_image.dylib
0x000000010b560000 	/Library/Java/JavaVirtualMachines/jdk1.8.0_111.jdk/Contents/Home/jre/lib/libawt_lwawt.dylib
0x000000010b615000 	/Library/Java/JavaVirtualMachines/jdk1.8.0_111.jdk/Contents/Home/jre/lib/./libosxapp.dylib
0x000000002dc90000 	/System/Library/Frameworks/ExceptionHandling.framework/Versions/A/ExceptionHandling
0x000000002dc90000 	/System/Library/PrivateFrameworks/CoreServicesInternal.framework/Versions/A/CoreServicesInternal
0x000000002dc90000 	/System/Library/CoreServices/RawCamera.bundle/Contents/MacOS/RawCamera
0x000000002dc90000 	/System/Library/Frameworks/Accelerate.framework/Versions/A/Frameworks/vImage.framework/Versions/A/Libraries/libCGInterfaces.dylib
0x000000002dc90000 	/System/Library/Frameworks/ApplicationServices.framework/Versions/A/Frameworks/ATS.framework/Versions/A/Resources/libTrueTypeScaler.dylib
0x000000002dc90000 	/System/Library/Frameworks/OpenGL.framework/Versions/A/Resources/GLEngine.bundle/GLEngine
0x000000002dc90000 	/System/Library/Frameworks/OpenGL.framework/Versions/A/Libraries/libGLProgrammability.dylib
0x000000011c139000 	/System/Library/Extensions/AppleIntelHD3000GraphicsGLDriver.bundle/Contents/MacOS/AppleIntelHD3000GraphicsGLDriver
0x000000002dc90000 	/System/Library/PrivateFrameworks/GPUSupport.framework/Versions/A/Libraries/libGPUSupport.dylib
0x000000002dc90000 	/System/Library/Frameworks/OpenGL.framework/Versions/A/Resources/GLRendererFloat.bundle/GLRendererFloat
0x000000002dc90000 	/System/Library/Frameworks/OpenCL.framework/Versions/A/Libraries/libcldcpuengine.dylib
0x000000002dc90000 	/usr/lib/libcrypto.0.9.8.dylib
0x000000002dc90000 	/System/Library/PrivateFrameworks/TrustEvaluationAgent.framework/Versions/A/TrustEvaluationAgent
0x000000002dc90000 	/System/Library/PrivateFrameworks/FamilyControls.framework/Versions/A/FamilyControls
0x000000002dc90000 	/System/Library/PrivateFrameworks/CommerceKit.framework/Versions/A/Frameworks/CommerceCore.framework/Versions/A/CommerceCore
0x000000002dc90000 	/System/Library/PrivateFrameworks/SystemAdministration.framework/Versions/A/SystemAdministration
0x000000002dc90000 	/System/Library/PrivateFrameworks/AppContainer.framework/Versions/A/AppContainer
0x000000002dc90000 	/System/Library/PrivateFrameworks/SecCodeWrapper.framework/Versions/A/SecCodeWrapper
0x000000002dc90000 	/System/Library/Frameworks/DirectoryService.framework/Versions/A/DirectoryService
0x000000002dc90000 	/System/Library/PrivateFrameworks/DiskImages.framework/Versions/A/DiskImages
0x000000002dc90000 	/System/Library/PrivateFrameworks/LoginUIKit.framework/Versions/A/Frameworks/LoginUICore.framework/Versions/A/LoginUICore
0x000000002dc90000 	/usr/lib/libCoreStorage.dylib
0x000000002dc90000 	/usr/lib/libcsfde.dylib
0x000000002dc90000 	/usr/lib/libodfde.dylib
0x000000002dc90000 	/System/Library/Frameworks/DiscRecording.framework/Versions/A/DiscRecording
0x000000002dc90000 	/usr/lib/libcurl.4.dylib
0x000000002dc90000 	/System/Library/PrivateFrameworks/MediaKit.framework/Versions/A/MediaKit
0x000000002dc90000 	/System/Library/PrivateFrameworks/ProtectedCloudStorage.framework/Versions/A/ProtectedCloudStorage
0x000000002dc90000 	/System/Library/PrivateFrameworks/EFILogin.framework/Versions/A/EFILogin
0x000000002dc90000 	/usr/lib/libutil.dylib
0x000000002dc90000 	/System/Library/Frameworks/LDAP.framework/Versions/A/LDAP
0x000000002dc90000 	/usr/lib/libsasl2.2.dylib
0x000000002dc90000 	/System/Library/PrivateFrameworks/CoreDaemon.framework/Versions/B/CoreDaemon
0x000000002dc90000 	/System/Library/PrivateFrameworks/AppleSRP.framework/Versions/A/AppleSRP
0x000000002dc90000 	/System/Library/PrivateFrameworks/APFS.framework/Versions/A/APFS
0x000000011e094000 	/Library/Java/JavaVirtualMachines/jdk1.8.0_111.jdk/Contents/Home/jre/lib/libfontmanager.dylib
0x000000011c9ba000 	/Library/Java/JavaVirtualMachines/jdk1.8.0_111.jdk/Contents/Home/jre/lib/libosxui.dylib
0x000000002dc90000 	/System/Library/PrivateFrameworks/ViewBridge.framework/Versions/A/ViewBridge
0x000000002dc90000 	/System/Library/PrivateFrameworks/XPCService.framework/Versions/A/XPCService
0x000000002dc90000 	/System/Library/PrivateFrameworks/AppSandbox.framework/Versions/A/AppSandbox
0x000000002dc90000 	/usr/lib/libsandbox.1.dylib
0x000000002dc90000 	/usr/lib/libMatch.1.dylib
0x000000012000f000 	/Library/Java/JavaVirtualMachines/jdk1.8.0_111.jdk/Contents/Home/jre/lib/libnet.dylib
0x000000011ec2b000 	/Library/Java/JavaVirtualMachines/jdk1.8.0_111.jdk/Contents/Home/jre/lib/libnio.dylib
0x00000001620fa000 	/Library/Java/JavaVirtualMachines/jdk1.8.0_111.jdk/Contents/Home/jre/lib/libosx.dylib
0x0000000162f40000 	/private/var/folders/0_/sdqj2qh118s71zq635_sgt140000gn/T/jxbrowser-chromium-51.0.2704.106.6.9/data/Temp/libjxbrowser-common-cdc91313-653e-494d-825a-b5163c0bc2dd.dylib

VM Arguments:
jvm_args: -Dfile.encoding=UTF-8 
java_command: layout.EventPlan
java_class_path (initial): /Users/shahdadwani/Documents/workspace/EventPlan/bin:/Users/shahdadwani/Documents/workspace/EventPlan/lib/license.jar:/Users/shahdadwani/Documents/workspace/EventPlan/lib/jxbrowser-win-6.9.jar:/Users/shahdadwani/Documents/workspace/EventPlan/lib/jxbrowser-mac-6.9.jar:/Users/shahdadwani/Documents/workspace/EventPlan/lib/jxbrowser-linux64-6.9.jar:/Users/shahdadwani/Documents/workspace/EventPlan/lib/jxbrowser-linux32-6.9.jar:/Users/shahdadwani/Documents/workspace/EventPlan/lib/jxbrowser-6.9.jar:/Users/shahdadwani/Documents/workspace/EventPlan/lib/jdatepicker-1.3.4.jar
Launcher Type: SUN_STANDARD

Environment Variables:
PATH=/usr/bin:/bin:/usr/sbin:/sbin
SHELL=/bin/bash

Signal Handlers:
SIGSEGV: [libjvm.dylib+0x5b03ed], sa_mask[0]=11111111011111110111111111111111, sa_flags=SA_ONSTACK|SA_RESTART|SA_SIGINFO
SIGBUS: [libjvm.dylib+0x5b03ed], sa_mask[0]=11111111011111110111111111111111, sa_flags=SA_RESTART|SA_SIGINFO
SIGFPE: [libjvm.dylib+0x48711c], sa_mask[0]=11111111011111110111111111111111, sa_flags=SA_RESTART|SA_SIGINFO
SIGPIPE: [libjvm.dylib+0x48711c], sa_mask[0]=11111111011111110111111111111111, sa_flags=SA_RESTART|SA_SIGINFO
SIGXFSZ: [libjvm.dylib+0x48711c], sa_mask[0]=11111111011111110111111111111111, sa_flags=SA_RESTART|SA_SIGINFO
SIGILL: [libjvm.dylib+0x48711c], sa_mask[0]=11111111011111110111111111111111, sa_flags=SA_RESTART|SA_SIGINFO
SIGUSR1: SIG_DFL, sa_mask[0]=00000000000000000000000000000000, sa_flags=none
SIGUSR2: [libjvm.dylib+0x486c3a], sa_mask[0]=00100000000000000000000000000000, sa_flags=SA_RESTART|SA_SIGINFO
SIGHUP: [libjvm.dylib+0x485211], sa_mask[0]=11111111011111110111111111111111, sa_flags=SA_RESTART|SA_SIGINFO
SIGINT: [libjvm.dylib+0x485211], sa_mask[0]=11111111011111110111111111111111, sa_flags=SA_RESTART|SA_SIGINFO
SIGTERM: [libjvm.dylib+0x485211], sa_mask[0]=11111111011111110111111111111111, sa_flags=SA_RESTART|SA_SIGINFO
SIGQUIT: [libjvm.dylib+0x485211], sa_mask[0]=11111111011111110111111111111111, sa_flags=SA_RESTART|SA_SIGINFO


---------------  S Y S T E M  ---------------

OS:Bsduname:Darwin 16.1.0 Darwin Kernel Version 16.1.0: Wed Oct 19 20:31:56 PDT 2016; root:xnu-3789.21.4~4/RELEASE_X86_64 x86_64
rlimit: STACK 8192k, CORE 0k, NPROC 709, NOFILE 10240, AS infinity
load average:1.84 1.75 1.75

CPU:total 4 (2 cores per cpu, 2 threads per core) family 6 model 42 stepping 7, cmov, cx8, fxsr, mmx, sse, sse2, sse3, ssse3, sse4.1, sse4.2, popcnt, avx, aes, clmul, ht, tsc, tscinvbit

Memory: 4k page, physical 4194304k(45172k free)

/proc/meminfo:


vm_info: Java HotSpot(TM) 64-Bit Server VM (25.111-b14) for bsd-amd64 JRE (1.8.0_111-b14), built on Sep 22 2016 15:31:41 by "java_re" with gcc 4.2.1 (Based on Apple Inc. build 5658) (LLVM build 2336.11.00)

time: Mon Dec 12 23:04:07 2016
elapsed time: 16 seconds (0d 0h 0m 16s)

